{
  "stats": {
    "suites": 1,
    "tests": 1,
    "passes": 1,
    "pending": 0,
    "failures": 0,
    "start": "2023-07-11T23:42:42.429Z",
    "end": "2023-07-11T23:42:42.797Z",
    "duration": 368,
    "testsRegistered": 1,
    "passPercent": 100,
    "pendingPercent": 0,
    "other": 0,
    "hasOther": false,
    "skipped": 0,
    "hasSkipped": false
  },
  "results": [
    {
      "uuid": "165ecf92-de81-4c62-85c8-f18c5f40b6f5",
      "title": "",
      "fullFile": "C:\\Github\\qa-culture-pactumJs\\e2e\\exemplo1.test.js",
      "file": "\\e2e\\exemplo1.test.js",
      "beforeHooks": [],
      "afterHooks": [],
      "tests": [],
      "suites": [
        {
          "uuid": "54c34bbb-ea79-486e-b45a-20529bad848b",
          "title": "Exemplo 01 - Requisição simples",
          "fullFile": "C:\\Github\\qa-culture-pactumJs\\e2e\\exemplo1.test.js",
          "file": "\\e2e\\exemplo1.test.js",
          "beforeHooks": [],
          "afterHooks": [],
          "tests": [
            {
              "title": "Deve obter uma resposta com o código de status 200",
              "fullTitle": "Exemplo 01 - Requisição simples Deve obter uma resposta com o código de status 200",
              "timedOut": false,
              "duration": 361,
              "state": "passed",
              "speed": "slow",
              "pass": true,
              "fail": false,
              "pending": false,
              "context": null,
              "code": "await spec()\n  .get('http://httpbin.org/status/200') /** Pode usar direto o get ou se quiser o withMethod */\n  .expectStatus(200)",
              "err": {},
              "uuid": "b6703745-4205-4e00-a0c8-36042b6224e9",
              "parentUUID": "54c34bbb-ea79-486e-b45a-20529bad848b",
              "isHook": false,
              "skipped": false
            }
          ],
          "suites": [],
          "passes": [
            "b6703745-4205-4e00-a0c8-36042b6224e9"
          ],
          "failures": [],
          "pending": [],
          "skipped": [],
          "duration": 361,
          "root": false,
          "rootEmpty": false,
          "_timeout": 2000
        }
      ],
      "passes": [],
      "failures": [],
      "pending": [],
      "skipped": [],
      "duration": 0,
      "root": true,
      "rootEmpty": true,
      "_timeout": 2000
    }
  ],
  "meta": {
    "mocha": {
      "version": "10.2.0"
    },
    "mochawesome": {
      "options": {
        "quiet": false,
        "reportFilename": "mochawesome",
        "saveHtml": true,
        "saveJson": true,
        "consoleReporter": "spec",
        "useInlineDiffs": false,
        "code": true
      },
      "version": "7.1.3"
    },
    "marge": {
      "options": null,
      "version": "6.2.0"
    }
  }
}